0 info it worked if it ends with ok
1 verbose cli [ 'c:\\Program Files (x86)\\nodejs\\\\node.exe',
1 verbose cli   'c:\\Program Files (x86)\\nodejs\\node_modules\\npm\\bin\\npm-cli.js',
1 verbose cli   'view',
1 verbose cli   'alloy',
1 verbose cli   'version' ]
2 info using npm@1.1.65
3 info using node@v0.8.14
4 verbose node symlink c:\Program Files (x86)\nodejs\\node.exe
5 verbose url raw alloy
6 verbose url resolving [ 'https://registry.npmjs.org/', './alloy' ]
7 verbose url resolved https://registry.npmjs.org/alloy
8 info trying registry request attempt 1 at 12:08:59
9 verbose etag "8FBJ9BNN0JEL84MCSTSEXK0DP"
10 http GET https://registry.npmjs.org/alloy
11 http 200 https://registry.npmjs.org/alloy
12 silly registry.get cb [ 200,
12 silly registry.get   { vary: 'Accept',
12 silly registry.get     server: 'CouchDB/1.2.1 (Erlang OTP/R15B)',
12 silly registry.get     etag: '"CHLRPH3LHI5H4F9F4GNK5ZHHC"',
12 silly registry.get     date: 'Sat, 19 Jan 2013 11:07:37 GMT',
12 silly registry.get     'content-type': 'application/json',
12 silly registry.get     'content-length': '800815' } ]
13 error Error: write EPIPE
13 error     at errnoException (net.js:769:11)
13 error     at Object.afterWrite (net.js:593:19)
14 error If you need help, you may report this log at:
14 error     <http://github.com/isaacs/npm/issues>
14 error or email it to:
14 error     <npm-@googlegroups.com>
15 error System Windows_NT 6.1.7601
16 error command "c:\\Program Files (x86)\\nodejs\\\\node.exe" "c:\\Program Files (x86)\\nodejs\\node_modules\\npm\\bin\\npm-cli.js" "view" "alloy" "version"
17 error cwd C:\Users\Alien\titaniumWorkspace\telemetria
18 error node -v v0.8.14
19 error npm -v 1.1.65
20 error syscall write
21 error code EPIPE
22 error errno EPIPE
23 verbose exit [ 1, true ]
